p/Bird23.jpg 1 0 0 432 324
p/Bird20.jpg 1 0 0 432 324
p/Bird14.jpg 1 0 0 432 324
p/Bird18.jpg 1 0 0 432 324
p/Bird21.jpg 1 0 0 432 324
p/Bird4.jpg 1 0 0 432 324
p/Bird15.jpg 1 0 0 432 324
p/Bird2.jpg 1 0 0 432 324
p/Bird28.jpg 1 0 0 432 324
p/Bird11.jpg 1 0 0 432 324
p/Bird9.jpg 1 0 0 432 324
p/Bird8.jpg 1 0 0 432 324
p/Bird1.jpg 1 0 0 432 324
p/Bird27.jpg 1 0 0 432 324
p/Bird19.jpg 1 0 0 432 324
p/Bird17.jpg 1 0 0 432 324
p/Bird25.jpg 1 0 0 432 324
p/Bird16.jpg 1 0 0 432 324
p/Bird10.jpg 1 0 0 432 324
p/Bird3.jpg 1 0 0 432 324
p/Bird12.jpg 1 0 0 432 324
p/Bird6.jpg 1 0 0 432 324
p/Bird7.jpg 1 0 0 432 324
p/Bird0.jpg 1 0 0 432 324
p/Bird22.jpg 1 0 0 432 324
p/Bird5.jpg 1 0 0 432 324
p/Bird13.jpg 1 0 0 432 324